----------------------------------------------------------------
Mon Apr 22 23:17:36 CEST 2024:
Booting Derby (version The Apache Software Foundation - Apache Derby - 10.15.2.0 - (1873585)) instance a816c00e-018f-07ab-e21a-00000ed851b8 
on database directory jar:(C:\Users\klemm\Documents\GitHub\SCZ-CNV\BridgeDb\Hs_Derby_Ensembl_108.bridge)database in READ ONLY mode with class loader RJavaClassLoader@4517d9a3. 
Loaded from file:/C:/Users/klemm/AppData/Local/R/win-library/4.3/BridgeDbR/java/derby-10.15.2.0.jar.
java.vendor=Oracle Corporation
java.runtime.version=22+36-2370
user.dir=C:\Users\klemm\Documents\GitHub\SCZ-CNV
os.name=Windows 10
os.arch=amd64
os.version=10.0
derby.system.home=null
Database Class Loader started - derby.database.classpath=''
----------------------------------------------------------------
Mon Apr 22 23:20:43 CEST 2024:
Booting Derby (version The Apache Software Foundation - Apache Derby - 10.15.2.0 - (1873585)) instance 6074401f-018f-07ab-e21a-00000ed851b8 
on database directory jar:(C:\Users\klemm\Documents\GitHub\SCZ-CNV\BridgeDb\metabolites_20240416.bridge)database in READ ONLY mode with class loader RJavaClassLoader@4517d9a3. 
Loaded from file:/C:/Users/klemm/AppData/Local/R/win-library/4.3/BridgeDbR/java/derby-10.15.2.0.jar.
java.vendor=Oracle Corporation
java.runtime.version=22+36-2370
user.dir=C:\Users\klemm\Documents\GitHub\SCZ-CNV
os.name=Windows 10
os.arch=amd64
os.version=10.0
derby.system.home=null
Database Class Loader started - derby.database.classpath=''
